Global frequency set at 1000000000000 ticks per second
build/X86/mem/dram_interface.cc:692: warn: DRAM device capacity (8192 Mbytes) does not match the address range assigned (256 Mbytes)
build/X86/mem/dram_interface.cc:692: warn: DRAM device capacity (8192 Mbytes) does not match the address range assigned (2048 Mbytes)
build/X86/mem/dram_interface.cc:692: warn: DRAM device capacity (8192 Mbytes) does not match the address range assigned (256 Mbytes)
build/X86/mem/dram_interface.cc:692: warn: DRAM device capacity (8192 Mbytes) does not match the address range assigned (2048 Mbytes)
build/X86/mem/dram_interface.cc:692: warn: DRAM device capacity (8192 Mbytes) does not match the address range assigned (256 Mbytes)
build/X86/mem/dram_interface.cc:692: warn: DRAM device capacity (8192 Mbytes) does not match the address range assigned (2048 Mbytes)
build/X86/mem/dram_interface.cc:692: warn: DRAM device capacity (8192 Mbytes) does not match the address range assigned (256 Mbytes)
build/X86/mem/dram_interface.cc:692: warn: DRAM device capacity (8192 Mbytes) does not match the address range assigned (2048 Mbytes)
build/X86/mem/dram_interface.cc:692: warn: DRAM device capacity (8192 Mbytes) does not match the address range assigned (256 Mbytes)
build/X86/mem/dram_interface.cc:692: warn: DRAM device capacity (8192 Mbytes) does not match the address range assigned (2048 Mbytes)
build/X86/mem/dram_interface.cc:692: warn: DRAM device capacity (8192 Mbytes) does not match the address range assigned (256 Mbytes)
build/X86/mem/dram_interface.cc:692: warn: DRAM device capacity (8192 Mbytes) does not match the address range assigned (2048 Mbytes)
build/X86/mem/dram_interface.cc:692: warn: DRAM device capacity (8192 Mbytes) does not match the address range assigned (256 Mbytes)
build/X86/mem/dram_interface.cc:692: warn: DRAM device capacity (8192 Mbytes) does not match the address range assigned (2048 Mbytes)
build/X86/mem/dram_interface.cc:692: warn: DRAM device capacity (8192 Mbytes) does not match the address range assigned (256 Mbytes)
build/X86/mem/dram_interface.cc:692: warn: DRAM device capacity (8192 Mbytes) does not match the address range assigned (2048 Mbytes)
build/X86/mem/dram_interface.cc:692: warn: DRAM device capacity (8192 Mbytes) does not match the address range assigned (256 Mbytes)
build/X86/mem/dram_interface.cc:692: warn: DRAM device capacity (8192 Mbytes) does not match the address range assigned (2048 Mbytes)
build/X86/mem/dram_interface.cc:692: warn: DRAM device capacity (8192 Mbytes) does not match the address range assigned (256 Mbytes)
build/X86/mem/dram_interface.cc:692: warn: DRAM device capacity (8192 Mbytes) does not match the address range assigned (2048 Mbytes)
build/X86/mem/dram_interface.cc:692: warn: DRAM device capacity (8192 Mbytes) does not match the address range assigned (256 Mbytes)
build/X86/mem/dram_interface.cc:692: warn: DRAM device capacity (8192 Mbytes) does not match the address range assigned (2048 Mbytes)
build/X86/mem/dram_interface.cc:692: warn: DRAM device capacity (8192 Mbytes) does not match the address range assigned (256 Mbytes)
build/X86/mem/dram_interface.cc:692: warn: DRAM device capacity (8192 Mbytes) does not match the address range assigned (2048 Mbytes)
build/X86/mem/dram_interface.cc:692: warn: DRAM device capacity (8192 Mbytes) does not match the address range assigned (256 Mbytes)
build/X86/mem/dram_interface.cc:692: warn: DRAM device capacity (8192 Mbytes) does not match the address range assigned (2048 Mbytes)
build/X86/mem/dram_interface.cc:692: warn: DRAM device capacity (8192 Mbytes) does not match the address range assigned (256 Mbytes)
build/X86/mem/dram_interface.cc:692: warn: DRAM device capacity (8192 Mbytes) does not match the address range assigned (2048 Mbytes)
build/X86/mem/dram_interface.cc:692: warn: DRAM device capacity (8192 Mbytes) does not match the address range assigned (256 Mbytes)
build/X86/mem/dram_interface.cc:692: warn: DRAM device capacity (8192 Mbytes) does not match the address range assigned (2048 Mbytes)
build/X86/mem/dram_interface.cc:692: warn: DRAM device capacity (8192 Mbytes) does not match the address range assigned (256 Mbytes)
build/X86/mem/dram_interface.cc:692: warn: DRAM device capacity (8192 Mbytes) does not match the address range assigned (2048 Mbytes)
build/X86/sim/kernel_workload.cc:46: info: kernel located at: parsec_disk_image/vmlinux-5.4.49
build/X86/mem/physical.cc:94: warn: Not reserving swap space. May cause SIGSEGV on actual usage
build/X86/dev/serial/terminal.cc:170: warn: Sockets disabled, not accepting terminal connections
build/X86/base/statistics.hh:280: warn: One of the stats is a legacy stat. Legacy stat is a stat that does not belong to any statistics::Group. Legacy stat is deprecated.
build/X86/base/statistics.hh:280: warn: One of the stats is a legacy stat. Legacy stat is a stat that does not belong to any statistics::Group. Legacy stat is deprecated.
build/X86/base/statistics.hh:280: warn: One of the stats is a legacy stat. Legacy stat is a stat that does not belong to any statistics::Group. Legacy stat is deprecated.
build/X86/base/statistics.hh:280: warn: One of the stats is a legacy stat. Legacy stat is a stat that does not belong to any statistics::Group. Legacy stat is deprecated.
build/X86/mem/ruby/network/garnet/GarnetNetwork.cc:124: info: Garnet version 3.0
build/X86/base/remote_gdb.cc:381: warn: Sockets disabled, not accepting gdb connections
build/X86/dev/intel_8254_timer.cc:128: warn: Reading current count from inactive timer.
build/X86/sim/simulate.cc:194: info: Entering event queue @ 0.  Starting simulation...
gem5 Simulator System.  https://www.gem5.org
gem5 is copyrighted software; use the --copyright option for details.

gem5 version 22.0.0.2
gem5 compiled Mar 20 2023 15:13:00
gem5 started Mar 24 2023 02:57:49
gem5 executing on mnemosyne05.ecn.purdue.edu, pid 26151
command line: ./build/X86/gem5.fast -d ./parsec_results/parsec_noci_largemem_18GHz_500kB/100m/bodytrack/kite_medium_noci_cload_hops/ configs/auto_top/auto_top_fs.py -I 100000000 --benchmark_parsec bodytrack -r 1 --checkpoint-dir ./parsec_checkpoints/largemem/bodytrack --router_map_file configs/topologies/paper_solutions/kite_medium_noci.map --flat_vn_map_file configs/topologies/vn_maps/kite_medium_noci_cload_hops.vn --flat_nr_map_file configs/topologies/nr_list/kite_medium_noci_cload.nrl --topology FS_NoCI_EscapeVirtualNetworks --noi_routers 20 --noc_clk 1.8GHz --sys-clock 1.8GHz --ruby-clock 1.8GHz --noi_clk 3.0GHz --num-cpus 64 --mem_or_coh mem --num-dirs 16 --num-l2caches 64 --l2_size 500kB --num_chiplets 4 --mem-size 32GB --caches --ruby --network garnet --kernel parsec_disk_image/vmlinux-5.4.49 --disk-image parsec_disk_image/x86-parsec --cpu-type X86O3CPU --restore-with-cpu X86O3CPU --routing-algorithm 2 --use_escape_vns --vcs-per-vnet 10 --evn_deadlock_partition 1 --evn_n_deadlock_free 1 --evn_min_n_deadlock_free 9

info: Standard input is not a terminal, disabling listeners.
ingesting configs/topologies/nr_list/kite_medium_noci_cload.nrl
ingesting configs/topologies/vn_maps/kite_medium_noci_cload_hops.vn
ingesting configs/topologies/paper_solutions/kite_medium_noci.map
Running the simulation
Beginning X86O3CPU simulation
Later, None simulation
**** REAL SIMULATION ****
warn: Physical memory size specified is 32GB which is greater than 3GB.  Twice the number of memory controllers would be created.
warn: system.workload.acpi_description_table_pointer.rsdt adopting orphan SimObject param 'entries'
warn: No dot file generated. Please install pydot to generate the dot file and pdf.
build/X86/sim/simulate.cc:194: info: Entering event queue @ 33496762329000.  Starting simulation...
build/X86/mem/ruby/system/Sequencer.cc:613: warn: Replacement policy updates recently became the responsibility of SLICC state machines. Make sure to setMRU() near callbacks in .sm files!
build/X86/arch/x86/generated/exec-ns.cc.inc:27: warn: instruction 'verw_Mw_or_Rv' unimplemented
build/X86/sim/power_state.cc:106: warn: PowerState: Already in the requested power state, request ignored
build/X86/arch/generic/debugfaults.hh:145: warn: MOVNTDQ: Ignoring non-temporal hint, modeling as cacheable!
Exiting @ tick 33552232173500 because a thread reached the max instruction count
